XYZReader/build/intermediates/manifest_merge_blame_file/debug/manifest-merger-blame-debug-report.txt
1<?xml version="1.0" encoding="utf-8"?>
2<manifest xmlns:android="http://schemas.android.com/apk/res/android"
3    package="com.example.xyzreader"
4    android:versionCode="1"
5    android:versionName="1.0" >
6
7    <uses-sdk
8        android:minSdkVersion="21"
8-->src\main\AndroidManifest.xml
9        android:targetSdkVersion="28" />
9-->src\main\AndroidManifest.xml
10
11    <uses-permission android:name="android.permission.INTERNET" />
11-->src\main\AndroidManifest.xml:6:5-67
11-->src\main\AndroidManifest.xml:6:22-64
12    <uses-permission android:name="android.permission.WRITE_EXTERNAL_STORAGE" />
12-->src\main\AndroidManifest.xml:7:5-81
12-->src\main\AndroidManifest.xml:7:22-78
13    <uses-permission android:name="android.permission.BROADCAST_STICKY" />
13-->src\main\AndroidManifest.xml:8:5-75
13-->src\main\AndroidManifest.xml:8:22-72
14    <uses-permission android:name="android.permission.ACCESS_NETWORK_STATE" />
14-->src\main\AndroidManifest.xml:9:5-79
14-->src\main\AndroidManifest.xml:9:22-76
15
16    <application
16-->src\main\AndroidManifest.xml:11:5-49:19
17        android:allowBackup="true"
17-->src\main\AndroidManifest.xml:13:9-35
18        android:appComponentFactory="androidx.core.app.CoreComponentFactory"
18-->[androidx.core:core:1.1.0] AndroidManifest.xml:24:18-86
19        android:debuggable="true"
20        android:icon="@mipmap/ic_launcher"
20-->src\main\AndroidManifest.xml:14:9-43
21        android:label="@string/app_name"
21-->src\main\AndroidManifest.xml:15:9-41
22        android:testOnly="true"
23        android:theme="@style/Theme.Bacon.Detail" >
23-->src\main\AndroidManifest.xml:16:9-50
24        <activity
24-->src\main\AndroidManifest.xml:18:9-25:20
25            android:name="com.example.xyzreader.ui.ArticleListActivity"
25-->src\main\AndroidManifest.xml:19:13-51
26            android:label="@string/app_name" >
26-->src\main\AndroidManifest.xml:20:13-45
27            <intent-filter>
27-->src\main\AndroidManifest.xml:21:13-24:29
28                <action android:name="android.intent.action.MAIN" />
28-->src\main\AndroidManifest.xml:22:17-69
28-->src\main\AndroidManifest.xml:22:25-66
29
30                <category android:name="android.intent.category.LAUNCHER" />
30-->src\main\AndroidManifest.xml:23:17-77
30-->src\main\AndroidManifest.xml:23:27-74
31            </intent-filter>
32        </activity>
33        <activity
33-->src\main\AndroidManifest.xml:27:9-38:20
34            android:name="com.example.xyzreader.ui.ArticleDetailActivity"
34-->src\main\AndroidManifest.xml:28:13-53
35            android:parentActivityName="com.example.xyzreader.ui.ArticleListActivity" >
35-->src\main\AndroidManifest.xml:29:13-65
36            <intent-filter>
36-->src\main\AndroidManifest.xml:30:13-34:29
37                <action android:name="android.intent.action.VIEW" />
37-->src\main\AndroidManifest.xml:31:17-69
37-->src\main\AndroidManifest.xml:31:25-66
38
39                <category android:name="android.intent.category.DEFAULT" />
39-->src\main\AndroidManifest.xml:32:17-76
39-->src\main\AndroidManifest.xml:32:27-73
40
41                <data android:mimeType="vnd.android.cursor.item/vnd.com.example.xyzreader.items" />
41-->src\main\AndroidManifest.xml:33:17-100
41-->src\main\AndroidManifest.xml:33:23-97
42            </intent-filter>
43
44            <meta-data
44-->src\main\AndroidManifest.xml:35:13-37:59
45                android:name="android.support.PARENT_ACTIVITY"
45-->src\main\AndroidManifest.xml:36:17-63
46                android:value=".ui.ArticleListActivity" />
46-->src\main\AndroidManifest.xml:37:17-56
47        </activity>
48
49        <service
49-->src\main\AndroidManifest.xml:40:9-41:40
50            android:name="com.example.xyzreader.data.UpdaterService"
50-->src\main\AndroidManifest.xml:40:18-53
51            android:exported="false" />
51-->src\main\AndroidManifest.xml:41:13-37
52
53        <provider
53-->src\main\AndroidManifest.xml:43:9-45:40
54            android:name="com.example.xyzreader.data.ItemsProvider"
54-->src\main\AndroidManifest.xml:43:19-53
55            android:authorities="com.example.xyzreader"
55-->src\main\AndroidManifest.xml:44:13-56
56            android:exported="false" />
56-->src\main\AndroidManifest.xml:45:13-37
57
58        <uses-library
58-->src\main\AndroidManifest.xml:47:9-88
59            android:name="org.apache.http.legacy"
59-->src\main\AndroidManifest.xml:47:23-60
60            android:required="false" />
60-->src\main\AndroidManifest.xml:47:61-85
61    </application>
62
63</manifest>